Error: Unable to access jarfile /home/ahmed/Desktop/Project/Server/Server/out/artifacts/Server_jar/Server.jar
Error: Unable to access jarfile /ahmed/Desktop/Project/Server/Server/out/artifacts/Server_jar/Server.jar
Exception in thread "main" java.lang.ArrayIndexOutOfBoundsException: Index 0 out of bounds for length 0
	at Server.main(Server.java:15)
1
thread started 
thread started 
5
3
2
4
thread started 
thread started 
thread started 
thread started 
thread started 
1
thread started 
thread started 
thread started 
java.net.BindException: Address already in use (Bind failed)
	at java.base/java.net.PlainSocketImpl.socketBind(Native Method)
	at java.base/java.net.AbstractPlainSocketImpl.bind(AbstractPlainSocketImpl.java:452)
	at java.base/java.net.ServerSocket.bind(ServerSocket.java:395)
	at java.base/java.net.ServerSocket.<init>(ServerSocket.java:257)
	at java.base/java.net.ServerSocket.<init>(ServerSocket.java:149)
	at NodeConnection.putServerPort(NodeConnection.java:62)
	at Server.main(Server.java:17)
java.net.BindException: Address already in use (Bind failed)
	at java.base/java.net.PlainSocketImpl.socketBind(Native Method)
	at java.base/java.net.AbstractPlainSocketImpl.bind(AbstractPlainSocketImpl.java:452)
	at java.base/java.net.ServerSocket.bind(ServerSocket.java:395)
	at java.base/java.net.ServerSocket.<init>(ServerSocket.java:257)
	at java.base/java.net.ServerSocket.<init>(ServerSocket.java:149)
	at NodeConnection.putServerPort(NodeConnection.java:62)
	at Server.main(Server.java:19)
thread started 
thread started Exception in thread "Thread-7" 
java.lang.NullPointerException
	at NodeConnection$1.run(NodeConnection.java:21)
	at java.base/java.lang.Thread.run(Thread.java:829)
	at java.base/java.lang.Thread.run(Thread.java:829)
Exception in thread "Thread-8" java.lang.NullPointerException
	at NodeConnection$1.run(NodeConnection.java:21)
	at java.base/java.lang.Thread.run(Thread.java:829)
	at java.base/java.lang.Thread.run(Thread.java:829)
